Android Studio/Four_Against_Darkness/android/build/outputs/mapping/release/mapping.txt
# compiler: R8
# compiler_version: 1.5.69
# min_api: 14
# pg_map_id: 5f4401a
com.fouragainstdarkness.game.FourAgainstDarkness -> com.fouragainstdarkness.game.a:
    com.badlogic.gdx.audio.Sound dropSound -> d
    int pontos -> l
    long lastDropTime -> k
    com.badlogic.gdx.graphics.g2d.BitmapFont font -> m
    com.badlogic.gdx.audio.Music rainMusic -> e
    com.badlogic.gdx.graphics.Texture buttonImage -> c
    com.badlogic.gdx.graphics.Texture bucketImage -> b
    com.badlogic.gdx.graphics.Texture dropImage -> a
    com.badlogic.gdx.graphics.g2d.SpriteBatch batch -> f
    com.badlogic.gdx.math.Rectangle bucket -> h
    com.badlogic.gdx.utils.Array raindrops -> j
    com.badlogic.gdx.graphics.OrthographicCamera camera -> g
    com.badlogic.gdx.math.Rectangle button -> i
    void dispose() -> a
    void tick() -> b
    void create() -> e
    void render() -> f
    void spawnRaindrop() -> g
...
com.badlogic.gdx.math.Vector -> com.badlogic.gdx.math.i:
com.badlogic.gdx.math.Vector3 -> com.badlogic.gdx.math.h:
    float z -> c
    float y -> b
    float x -> a
    com.badlogic.gdx.math.Vector3 add(float,float,float) -> a
    com.badlogic.gdx.math.Vector3 add(com.badlogic.gdx.math.Vector3) -> a
    float len2() -> a
    com.badlogic.gdx.math.Vector3 prj(com.badlogic.gdx.math.Matrix4) -> a
    com.badlogic.gdx.math.Vector3 scl(float) -> a
    com.badlogic.gdx.math.Vector3 crs(float,float,float) -> b
    com.badlogic.gdx.math.Vector3 crs(com.badlogic.gdx.math.Vector3) -> b
    com.badlogic.gdx.math.Vector3 nor() -> b
    float dot(com.badlogic.gdx.math.Vector3) -> c
    com.badlogic.gdx.math.Vector3 set(float,float,float) -> c
    com.badlogic.gdx.math.Vector3 set(com.badlogic.gdx.math.Vector3) -> d
    com.badlogic.gdx.math.Vector3 sub(float,float,float) -> d
    com.badlogic.gdx.math.Vector3 sub(com.badlogic.gdx.math.Vector3) -> e
com.badlogic.gdx.math.collision.Ray -> com.badlogic.gdx.math.j.a:
    com.badlogic.gdx.math.Vector3 direction -> b
    com.badlogic.gdx.math.Vector3 origin -> a
com.badlogic.gdx.net.NetJavaImpl -> a.a.a.t.a:
    java.util.concurrent.ThreadPoolExecutor executorService -> a
com.badlogic.gdx.net.NetJavaImpl$1 -> a.a.a.t.a$a:
    java.util.concurrent.atomic.AtomicInteger threadID -> a
com.badlogic.gdx.utils.Array -> com.badlogic.gdx.utils.a:
    com.badlogic.gdx.utils.Array$ArrayIterable iterable -> d
    java.lang.Object[] items -> a
    int size -> b
    boolean ordered -> c
    void add(java.lang.Object) -> a
    void addAll(com.badlogic.gdx.utils.Array) -> a
    void addAll(com.badlogic.gdx.utils.Array,int,int) -> a
    void addAll(java.lang.Object[],int,int) -> a
    void clear() -> a
    java.lang.Object[] ensureCapacity(int) -> a
    void removeRange(int,int) -> a
    boolean removeValue(java.lang.Object,boolean) -> a
    com.badlogic.gdx.utils.Array with(java.lang.Object[]) -> a
    java.lang.Object first() -> b
    java.lang.Object get(int) -> b
    java.lang.Object peek() -> c
    java.lang.Object removeIndex(int) -> c
    java.lang.Object pop() -> d
    java.lang.Object[] resize(int) -> d
    void truncate(int) -> e
com.badlogic.gdx.utils.Array$ArrayIterable -> com.badlogic.gdx.utils.a$a:
    com.badlogic.gdx.utils.Array array -> a
    com.badlogic.gdx.utils.Array$ArrayIterator iterator2 -> d
    com.badlogic.gdx.utils.Array$ArrayIterator iterator1 -> c
    boolean allowRemove -> b
com.badlogic.gdx.utils.Array$ArrayIterator -> com.badlogic.gdx.utils.a$b:
    com.badlogic.gdx.utils.Array array -> a
    boolean allowRemove -> b
    int index -> c
    boolean valid -> d
com.badlogic.gdx.utils.BufferUtils -> com.badlogic.gdx.utils.BufferUtils:
    com.badlogic.gdx.utils.Array unsafeBuffers -> a
    int allocatedUnsafe -> b
    void copy(float[],java.nio.Buffer,int,int) -> a
    void disposeUnsafeByteBuffer(java.nio.ByteBuffer) -> a
    java.nio.ByteBuffer newByteBuffer(int) -> a
    java.nio.FloatBuffer newFloatBuffer(int) -> b
    java.nio.IntBuffer newIntBuffer(int) -> c
    java.nio.ByteBuffer newUnsafeByteBuffer(int) -> d
com.badlogic.gdx.utils.Clipboard -> com.badlogic.gdx.utils.b:
com.badlogic.gdx.utils.Collections -> com.badlogic.gdx.utils.c:
    boolean allocateIterators -> a
com.badlogic.gdx.utils.Disposable -> com.badlogic.gdx.utils.d:
    void dispose() -> a
com.badlogic.gdx.utils.FloatArray -> com.badlogic.gdx.utils.e:
    float[] items -> a
    int size -> b
    boolean ordered -> c
    void add(float) -> a
    void addAll(com.badlogic.gdx.utils.FloatArray) -> a
    void addAll(com.badlogic.gdx.utils.FloatArray,int,int) -> a
    void addAll(float[],int,int) -> a
    void clear() -> a
    float[] ensureCapacity(int) -> a
    void removeRange(int,int) -> a
    float get(int) -> b
    float[] resize(int) -> c
    void truncate(int) -> d